<?xml version="1.0" encoding="UTF-8"?>
<testng-results ignored="0" total="1" passed="1" failed="0" skipped="0">
  <reporter-output>
  </reporter-output>
  <suite started-at="2023-09-22T21:25:14 IST" name="Default Suite" finished-at="2023-09-22T21:25:27 IST" duration-ms="12304">
    <groups>
    </groups>
    <test started-at="2023-09-22T21:25:14 IST" name="RestarTestProject" finished-at="2023-09-22T21:25:27 IST" duration-ms="12304">
      <class name="com.restar.testCases.NewIssueTest">
        <test-method is-config="true" signature="setup()[pri:0, instance:com.restar.testCases.NewIssueTest@5119fb47]" started-at="2023-09-22T21:25:11 IST" name="setup" finished-at="2023-09-22T21:25:14 IST" duration-ms="2993" status="PASS">
          <reporter-output>
          </reporter-output>
        </test-method> <!-- setup -->
        <test-method signature="verify_newIssue_functionality()[pri:0, instance:com.restar.testCases.NewIssueTest@5119fb47]" started-at="2023-09-22T21:25:14 IST" name="verify_newIssue_functionality" finished-at="2023-09-22T21:25:27 IST" duration-ms="12254" status="PASS">
          <reporter-output>
          </reporter-output>
        </test-method> <!-- verify_newIssue_functionality -->
        <test-method is-config="true" signature="cleanUp()[pri:0, instance:com.restar.testCases.NewIssueTest@5119fb47]" started-at="2023-09-22T21:25:27 IST" name="cleanUp" finished-at="2023-09-22T21:25:27 IST" duration-ms="340" status="PASS">
          <reporter-output>
          </reporter-output>
        </test-method> <!-- cleanUp -->
      </class> <!-- com.restar.testCases.NewIssueTest -->
    </test> <!-- RestarTestProject -->
  </suite> <!-- Default Suite -->
</testng-results>
